This is XeTeX, Version 3.141592653-2.6-0.999996 (TeX Live 2024) (preloaded format=xelatex 2024.9.17)  9 OCT 2024 18:06
entering extended mode
 restricted \write18 enabled.
 %&-line parsing enabled.
**chap01.tex
(./chap01.tex
LaTeX2e <2023-11-01> patch level 1
L3 programming layer <2024-02-20>
! Undefined control sequence.
l.4 \chapter
            {引言}\label{chap:Intro}
The control sequence at the end of the top line
of your error message was never \def'ed. If you have
misspelled it (e.g., `\hobx'), type `I' and the correct
spelling (e.g., `I\hbox'). Otherwise just continue,
and I'll forget about whatever was undefined.


! LaTeX Error: Missing \begin{document}.

See the LaTeX manual or LaTeX Companion for explanation.
Type  H <return>  for immediate help.
 ...                                              
                                                  
l.4 \chapter{引
              言}\label{chap:Intro}
You're in trouble here.  Try typing  <return>  to proceed.
If that doesn't work, type  X <return>  to quit.

Missing character: There is no 引 ("5F15) in font nullfont!
Missing character: There is no 言 ("8A00) in font nullfont!

Overfull \hbox (20.0pt too wide) in paragraph at lines 4--5
[][] 
 []

! Undefined control sequence.
l.6 \section
            {研究背景}\label{sec:background}
The control sequence at the end of the top line
of your error message was never \def'ed. If you have
misspelled it (e.g., `\hobx'), type `I' and the correct
spelling (e.g., `I\hbox'). Otherwise just continue,
and I'll forget about whatever was undefined.


! LaTeX Error: Missing \begin{document}.

See the LaTeX manual or LaTeX Companion for explanation.
Type  H <return>  for immediate help.
 ...                                              
                                                  
l.6 \section{研
              究背景}\label{sec:background}
You're in trouble here.  Try typing  <return>  to proceed.
If that doesn't work, type  X <return>  to quit.

Missing character: There is no 研 ("7814) in font nullfont!
Missing character: There is no 究 ("7A76) in font nullfont!
Missing character: There is no 背 ("80CC) in font nullfont!
Missing character: There is no 景 ("666F) in font nullfont!

Overfull \hbox (20.0pt too wide) in paragraph at lines 6--7
[][] 
 []


! LaTeX Error: Missing \begin{document}.

See the LaTeX manual or LaTeX Companion for explanation.
Type  H <return>  for immediate help.
 ...                                              
                                                  
l.8 受
     到\cite{Alfonsi2013602}的启发,本文的目的是推导出一个有效的数值逼近一类一维随机微分方程.这类随机微分方程可以通过Lamp...

You're in trouble here.  Try typing  <return>  to proceed.
If that doesn't work, type  X <return>  to quit.

Missing character: There is no 受 ("53D7) in font nullfont!
Missing character: There is no 到 ("5230) in font nullfont!
Missing character: There is no [ ("5B) in font nullfont!
\citation{Alfonsi2013602}
! Undefined control sequence.
<write> ...: Citation `\@citeb ' on page \thepage 
                                                  \space undefined\on@line .^^J
l.8 受到\cite{Alfonsi2013602}
                           的启发,本文的目的是推导出一个有效的数值逼近一类一维随机微分方程.这类随机微分方程可以通过Lamp...
The control sequence at the end of the top line
of your error message was never \def'ed. If you have
misspelled it (e.g., `\hobx'), type `I' and the correct
spelling (e.g., `I\hbox'). Otherwise just continue,
and I'll forget about whatever was undefined.


LaTeX Warning: Citation `Alfonsi2013602' on page  undefined on input line 8.

Missing character: There is no ] ("5D) in font nullfont!
Missing character: There is no 的 ("7684) in font nullfont!
Missing character: There is no 启 ("542F) in font nullfont!
Missing character: There is no 发 ("53D1) in font nullfont!
Missing character: There is no , ("2C) in font nullfont!
Missing character: There is no 本 ("672C) in font nullfont!
Missing character: There is no 文 ("6587) in font nullfont!
Missing character: There is no 的 ("7684) in font nullfont!
Missing character: There is no 目 ("76EE) in font nullfont!
Missing character: There is no 的 ("7684) in font nullfont!
Missing character: There is no 是 ("662F) in font nullfont!
Missing character: There is no 推 ("63A8) in font nullfont!
Missing character: There is no 导 ("5BFC) in font nullfont!
Missing character: There is no 出 ("51FA) in font nullfont!
Missing character: There is no 一 ("4E00) in font nullfont!
Missing character: There is no 个 ("4E2A) in font nullfont!
Missing character: There is no 有 ("6709) in font nullfont!
Missing character: There is no 效 ("6548) in font nullfont!
Missing character: There is no 的 ("7684) in font nullfont!
Missing character: There is no 数 ("6570) in font nullfont!
Missing character: There is no 值 ("503C) in font nullfont!
Missing character: There is no 逼 ("903C) in font nullfont!
Missing character: There is no 近 ("8FD1) in font nullfont!
Missing character: There is no 一 ("4E00) in font nullfont!
Missing character: There is no 类 ("7C7B) in font nullfont!
Missing character: There is no 一 ("4E00) in font nullfont!
Missing character: There is no 维 ("7EF4) in font nullfont!
Missing character: There is no 随 ("968F) in font nullfont!
Missing character: There is no 机 ("673A) in font nullfont!
Missing character: There is no 微 ("5FAE) in font nullfont!
Missing character: There is no 分 ("5206) in font nullfont!
Missing character: There is no 方 ("65B9) in font nullfont!
Missing character: There is no 程 ("7A0B) in font nullfont!
Missing character: There is no . ("2E) in font nullfont!
Missing character: There is no 这 ("8FD9) in font nullfont!
Missing character: There is no 类 ("7C7B) in font nullfont!
Missing character: There is no 随 ("968F) in font nullfont!
Missing character: There is no 机 ("673A) in font nullfont!
Missing character: There is no 微 ("5FAE) in font nullfont!
Missing character: There is no 分 ("5206) in font nullfont!
Missing character: There is no 方 ("65B9) in font nullfont!
Missing character: There is no 程 ("7A0B) in font nullfont!
Missing character: There is no 可 ("53EF) in font nullfont!
Missing character: There is no 以 ("4EE5) in font nullfont!
Missing character: There is no 通 ("901A) in font nullfont!
Missing character: There is no 过 ("8FC7) in font nullfont!
Missing character: There is no L ("4C) in font nullfont!
Missing character: There is no a ("61) in font nullfont!
Missing character: There is no m ("6D) in font nullfont!
Missing character: There is no p ("70) in font nullfont!
Missing character: There is no e ("65) in font nullfont!
Missing character: There is no r ("72) in font nullfont!
Missing character: There is no t ("74) in font nullfont!
Missing character: There is no i ("69) in font nullfont!
Missing character: There is no 变 ("53D8) in font nullfont!
Missing character: There is no 换 ("6362) in font nullfont!
Missing character: There is no , ("2C) in font nullfont!
Missing character: There is no 将 ("5C06) in font nullfont!
Missing character: There is no 漂 ("6F02) in font nullfont!
Missing character: There is no 移 ("79FB) in font nullfont!
Missing character: There is no 项 ("9879) in font nullfont!
Missing character: There is no 变 ("53D8) in font nullfont!
Missing character: There is no 换 ("6362) in font nullfont!
Missing character: There is no 成 ("6210) in font nullfont!
Missing character: There is no 满 ("6EE1) in font nullfont!
Missing character: There is no 足 ("8DB3) in font nullfont!
Missing character: There is no 单 ("5355) in font nullfont!
Missing character: There is no 调 ("8C03) in font nullfont!
Missing character: There is no 条 ("6761) in font nullfont!
Missing character: There is no 件 ("4EF6) in font nullfont!
Missing character: There is no 的 ("7684) in font nullfont!
Missing character: There is no , ("2C) in font nullfont!
Missing character: There is no 见 ("89C1) in font nullfont!
Missing character: There is no [ ("5B) in font nullfont!
\citation{iacus2008simulation}
! Undefined control sequence.
<write> ...: Citation `\@citeb ' on page \thepage 
                                                  \space undefined\on@line .^^J
l.8 ...,将漂移项变换成满足单调条件的,见\cite{iacus2008simulation}
                                                  ,通过BEM对变换后的时变SDE进行逼近,再将其变换...
The control sequence at the end of the top line
of your error message was never \def'ed. If you have
misspelled it (e.g., `\hobx'), type `I' and the correct
spelling (e.g., `I\hbox'). Otherwise just continue,
and I'll forget about whatever was undefined.


LaTeX Warning: Citation `iacus2008simulation' on page  undefined on input line 
8.

Missing character: There is no ] ("5D) in font nullfont!
Missing character: There is no , ("2C) in font nullfont!
Missing character: There is no 通 ("901A) in font nullfont!
Missing character: There is no 过 ("8FC7) in font nullfont!
Missing character: There is no B ("42) in font nullfont!
Missing character: There is no E ("45) in font nullfont!
Missing character: There is no M ("4D) in font nullfont!
Missing character: There is no 对 ("5BF9) in font nullfont!
Missing character: There is no 变 ("53D8) in font nullfont!
Missing character: There is no 换 ("6362) in font nullfont!
Missing character: There is no 后 ("540E) in font nullfont!
Missing character: There is no 的 ("7684) in font nullfont!
Missing character: There is no 时 ("65F6) in font nullfont!
Missing character: There is no 变 ("53D8) in font nullfont!
Missing character: There is no S ("53) in font nullfont!
Missing character: There is no D ("44) in font nullfont!
Missing character: There is no E ("45) in font nullfont!
Missing character: There is no 进 ("8FDB) in font nullfont!
Missing character: There is no 行 ("884C) in font nullfont!
Missing character: There is no 逼 ("903C) in font nullfont!
Missing character: There is no 近 ("8FD1) in font nullfont!
Missing character: There is no , ("2C) in font nullfont!
Missing character: There is no 再 ("518D) in font nullfont!
Missing character: There is no 将 ("5C06) in font nullfont!
Missing character: There is no 其 ("5176) in font nullfont!
Missing character: There is no 变 ("53D8) in font nullfont!
Missing character: There is no 换 ("6362) in font nullfont!
Missing character: There is no 成 ("6210) in font nullfont!
Missing character: There is no 原 ("539F) in font nullfont!
Missing character: There is no 始 ("59CB) in font nullfont!
Missing character: There is no 时 ("65F6) in font nullfont!
Missing character: There is no 变 ("53D8) in font nullfont!
Missing character: There is no S ("53) in font nullfont!
Missing character: There is no D ("44) in font nullfont!
Missing character: There is no E ("45) in font nullfont!
Missing character: There is no 的 ("7684) in font nullfont!
Missing character: There is no 逼 ("903C) in font nullfont!
Missing character: There is no 近 ("8FD1) in font nullfont!
Missing character: There is no 格 ("683C) in font nullfont!
Missing character: There is no 式 ("5F0F) in font nullfont!
Missing character: There is no . ("2E) in font nullfont!

Overfull \hbox (30.85999pt too wide) in paragraph at lines 8--9
[][][] 
 []


! LaTeX Error: Missing \begin{document}.

See the LaTeX manual or LaTeX Companion for explanation.
Type  H <return>  for immediate help.
 ...                                              
                                                  
l.10 对
      于Lamperti变换的随机微分方程, 截止目前已经有了很多结果.\cite{neuenkirch2014first}研究了一大类Lampe...

You're in trouble here.  Try typing  <return>  to proceed.
If that doesn't work, type  X <return>  to quit.

Missing character: There is no 对 ("5BF9) in font nullfont!
Missing character: There is no 于 ("4E8E) in font nullfont!
Missing character: There is no L ("4C) in font nullfont!
Missing character: There is no a ("61) in font nullfont!
Missing character: There is no m ("6D) in font nullfont!
Missing character: There is no p ("70) in font nullfont!
Missing character: There is no e ("65) in font nullfont!
Missing character: There is no r ("72) in font nullfont!
Missing character: There is no t ("74) in font nullfont!
Missing character: There is no i ("69) in font nullfont!
Missing character: There is no 变 ("53D8) in font nullfont!
Missing character: There is no 换 ("6362) in font nullfont!
Missing character: There is no 的 ("7684) in font nullfont!
Missing character: There is no 随 ("968F) in font nullfont!
Missing character: There is no 机 ("673A) in font nullfont!
Missing character: There is no 微 ("5FAE) in font nullfont!
Missing character: There is no 分 ("5206) in font nullfont!
Missing character: There is no 方 ("65B9) in font nullfont!
Missing character: There is no 程 ("7A0B) in font nullfont!
Missing character: There is no , ("2C) in font nullfont!
Missing character: There is no 截 ("622A) in font nullfont!
Missing character: There is no 止 ("6B62) in font nullfont!
Missing character: There is no 目 ("76EE) in font nullfont!
Missing character: There is no 前 ("524D) in font nullfont!
Missing character: There is no 已 ("5DF2) in font nullfont!
Missing character: There is no 经 ("7ECF) in font nullfont!
Missing character: There is no 有 ("6709) in font nullfont!
Missing character: There is no 了 ("4E86) in font nullfont!
Missing character: There is no 很 ("5F88) in font nullfont!
Missing character: There is no 多 ("591A) in font nullfont!
Missing character: There is no 结 ("7ED3) in font nullfont!
Missing character: There is no 果 ("679C) in font nullfont!
Missing character: There is no . ("2E) in font nullfont!
Missing character: There is no [ ("5B) in font nullfont!
\citation{neuenkirch2014first}
! Undefined control sequence.
<write> ...: Citation `\@citeb ' on page \thepage 
                                                  \space undefined\on@line .^^J
l.10 ...程, 截止目前已经有了很多结果.\cite{neuenkirch2014first}
                                                  研究了一大类Lamperti变换后随机微分方程的漂移...
The control sequence at the end of the top line
of your error message was never \def'ed. If you have
misspelled it (e.g., `\hobx'), type `I' and the correct
spelling (e.g., `I\hbox'). Otherwise just continue,
and I'll forget about whatever was undefined.


LaTeX Warning: Citation `neuenkirch2014first' on page  undefined on input line 
10.

Missing character: There is no ] ("5D) in font nullfont!
Missing character: There is no 研 ("7814) in font nullfont!
Missing character: There is no 究 ("7A76) in font nullfont!
Missing character: There is no 了 ("4E86) in font nullfont!
Missing character: There is no 一 ("4E00) in font nullfont!
Missing character: There is no 大 ("5927) in font nullfont!
Missing character: There is no 类 ("7C7B) in font nullfont!
Missing character: There is no L ("4C) in font nullfont!
Missing character: There is no a ("61) in font nullfont!
Missing character: There is no m ("6D) in font nullfont!
Missing character: There is no p ("70) in font nullfont!
Missing character: There is no e ("65) in font nullfont!
Missing character: There is no r ("72) in font nullfont!
Missing character: There is no t ("74) in font nullfont!
Missing character: There is no i ("69) in font nullfont!
Missing character: There is no 变 ("53D8) in font nullfont!
Missing character: There is no 换 ("6362) in font nullfont!
Missing character: There is no 后 ("540E) in font nullfont!
Missing character: There is no 随 ("968F) in font nullfont!
Missing character: There is no 机 ("673A) in font nullfont!
Missing character: There is no 微 ("5FAE) in font nullfont!
Missing character: There is no 分 ("5206) in font nullfont!
Missing character: There is no 方 ("65B9) in font nullfont!
Missing character: There is no 程 ("7A0B) in font nullfont!
Missing character: There is no 的 ("7684) in font nullfont!
Missing character: There is no 漂 ("6F02) in font nullfont!
Missing character: There is no 移 ("79FB) in font nullfont!
Missing character: There is no 项 ("9879) in font nullfont!
Missing character: There is no 是 ("662F) in font nullfont!
Missing character: There is no 局 ("5C40) in font nullfont!
Missing character: There is no 部 ("90E8) in font nullfont!
Missing character: There is no L ("4C) in font nullfont!
Missing character: There is no i ("69) in font nullfont!
Missing character: There is no p ("70) in font nullfont!
Missing character: There is no s ("73) in font nullfont!
Missing character: There is no c ("63) in font nullfont!
Missing character: There is no h ("68) in font nullfont!
Missing character: There is no i ("69) in font nullfont!
Missing character: There is no t ("74) in font nullfont!
Missing character: There is no z ("7A) in font nullfont!
Missing character: There is no 的 ("7684) in font nullfont!
Missing character: There is no , ("2C) in font nullfont!
Missing character: There is no 并 ("5E76) in font nullfont!
Missing character: There is no 得 ("5F97) in font nullfont!
Missing character: There is no 到 ("5230) in font nullfont!
Missing character: There is no 1 ("31) in font nullfont!
Missing character: There is no 阶 ("9636) in font nullfont!
Missing character: There is no 的 ("7684) in font nullfont!
Missing character: There is no 强 ("5F3A) in font nullfont!
Missing character: There is no 收 ("6536) in font nullfont!
Missing character: There is no 敛 ("655B) in font nullfont!
Missing character: There is no 阶 ("9636) in font nullfont!
Missing character: There is no . ("2E) in font nullfont!
Missing character: There is no [ ("5B) in font nullfont!
\citation{yang2021first}
! Undefined control sequence.
<write> ...: Citation `\@citeb ' on page \thepage 
                                                  \space undefined\on@line .^^J
l.10 ...ipschitz的,并得到1阶的强收敛阶. \cite{yang2021first}
                                                  研究了Lamperti变换作用在SIS模型中,并且得...
The control sequence at the end of the top line
of your error message was never \def'ed. If you have
misspelled it (e.g., `\hobx'), type `I' and the correct
spelling (e.g., `I\hbox'). Otherwise just continue,
and I'll forget about whatever was undefined.


LaTeX Warning: Citation `yang2021first' on page  undefined on input line 10.

Missing character: There is no ] ("5D) in font nullfont!
Missing character: There is no 研 ("7814) in font nullfont!
Missing character: There is no 究 ("7A76) in font nullfont!
Missing character: There is no 了 ("4E86) in font nullfont!
Missing character: There is no L ("4C) in font nullfont!
Missing character: There is no a ("61) in font nullfont!
Missing character: There is no m ("6D) in font nullfont!
Missing character: There is no p ("70) in font nullfont!
Missing character: There is no e ("65) in font nullfont!
Missing character: There is no r ("72) in font nullfont!
Missing character: There is no t ("74) in font nullfont!
Missing character: There is no i ("69) in font nullfont!
Missing character: There is no 变 ("53D8) in font nullfont!
Missing character: There is no 换 ("6362) in font nullfont!
Missing character: There is no 作 ("4F5C) in font nullfont!
Missing character: There is no 用 ("7528) in font nullfont!
Missing character: There is no 在 ("5728) in font nullfont!
Missing character: There is no S ("53) in font nullfont!
Missing character: There is no I ("49) in font nullfont!
Missing character: There is no S ("53) in font nullfont!
Missing character: There is no 模 ("6A21) in font nullfont!
Missing character: There is no 型 ("578B) in font nullfont!
Missing character: There is no 中 ("4E2D) in font nullfont!
Missing character: There is no , ("2C) in font nullfont!
Missing character: There is no 并 ("5E76) in font nullfont!
Missing character: There is no 且 ("4E14) in font nullfont!
Missing character: There is no 得 ("5F97) in font nullfont!
Missing character: There is no 到 ("5230) in font nullfont!
Missing character: There is no 1 ("31) in font nullfont!
Missing character: There is no 阶 ("9636) in font nullfont!
Missing character: There is no 强 ("5F3A) in font nullfont!
Missing character: There is no 收 ("6536) in font nullfont!
Missing character: There is no 敛 ("655B) in font nullfont!
Missing character: There is no 阶 ("9636) in font nullfont!

Overfull \hbox (20.0pt too wide) in paragraph at lines 10--11
[]
 []


Overfull \hbox (5.43pt too wide) in paragraph at lines 10--11
[]
 []


Overfull \hbox (5.43pt too wide) in paragraph at lines 10--11
[] 
 []


! LaTeX Error: Missing \begin{document}.

See the LaTeX manual or LaTeX Companion for explanation.
Type  H <return>  for immediate help.
 ...                                              
                                                  
l.12 对
      于时间变换的随机微分方程,有关收敛阶的研究,截止目前已经有而很多结果.\cite{wen2023strong}
You're in trouble here.  Try typing  <return>  to proceed.
If that doesn't work, type  X <return>  to quit.

Missing character: There is no 对 ("5BF9) in font nullfont!
Missing character: There is no 于 ("4E8E) in font nullfont!
Missing character: There is no 时 ("65F6) in font nullfont!
Missing character: There is no 间 ("95F4) in font nullfont!
Missing character: There is no 变 ("53D8) in font nullfont!
Missing character: There is no 换 ("6362) in font nullfont!
Missing character: There is no 的 ("7684) in font nullfont!
Missing character: There is no 随 ("968F) in font nullfont!
Missing character: There is no 机 ("673A) in font nullfont!
Missing character: There is no 微 ("5FAE) in font nullfont!
Missing character: There is no 分 ("5206) in font nullfont!
Missing character: There is no 方 ("65B9) in font nullfont!
Missing character: There is no 程 ("7A0B) in font nullfont!
Missing character: There is no , ("2C) in font nullfont!
Missing character: There is no 有 ("6709) in font nullfont!
Missing character: There is no 关 ("5173) in font nullfont!
Missing character: There is no 收 ("6536) in font nullfont!
Missing character: There is no 敛 ("655B) in font nullfont!
Missing character: There is no 阶 ("9636) in font nullfont!
Missing character: There is no 的 ("7684) in font nullfont!
Missing character: There is no 研 ("7814) in font nullfont!
Missing character: There is no 究 ("7A76) in font nullfont!
Missing character: There is no , ("2C) in font nullfont!
Missing character: There is no 截 ("622A) in font nullfont!
Missing character: There is no 止 ("6B62) in font nullfont!
Missing character: There is no 目 ("76EE) in font nullfont!
Missing character: There is no 前 ("524D) in font nullfont!
Missing character: There is no 已 ("5DF2) in font nullfont!
Missing character: There is no 经 ("7ECF) in font nullfont!
Missing character: There is no 有 ("6709) in font nullfont!
Missing character: There is no 而 ("800C) in font nullfont!
Missing character: There is no 很 ("5F88) in font nullfont!
Missing character: There is no 多 ("591A) in font nullfont!
Missing character: There is no 结 ("7ED3) in font nullfont!
Missing character: There is no 果 ("679C) in font nullfont!
Missing character: There is no . ("2E) in font nullfont!
Missing character: There is no [ ("5B) in font nullfont!
\citation{wen2023strong}
! Undefined control sequence.
<write> ...: Citation `\@citeb ' on page \thepage 
                                                  \space undefined\on@line .^^J
l.12 ...有关收敛阶的研究,截止目前已经有而很多结果.\cite{wen2023strong}
                                                  
The control sequence at the end of the top line
of your error message was never \def'ed. If you have
misspelled it (e.g., `\hobx'), type `I' and the correct
spelling (e.g., `I\hbox'). Otherwise just continue,
and I'll forget about whatever was undefined.


LaTeX Warning: Citation `wen2023strong' on page  undefined on input line 12.

Missing character: There is no ] ("5D) in font nullfont!
Missing character: There is no 研 ("7814) in font nullfont!
Missing character: There is no 究 ("7A76) in font nullfont!
Missing character: There is no 了 ("4E86) in font nullfont!
Missing character: There is no 非 ("975E) in font nullfont!
Missing character: There is no 自 ("81EA) in font nullfont!
Missing character: There is no 治 ("6CBB) in font nullfont!
Missing character: There is no 的 ("7684) in font nullfont!
Missing character: There is no 时 ("65F6) in font nullfont!
Missing character: There is no 间 ("95F4) in font nullfont!
Missing character: There is no 变 ("53D8) in font nullfont!
Missing character: There is no 换 ("6362) in font nullfont!
Missing character: There is no M ("4D) in font nullfont!
Missing character: There is no c ("63) in font nullfont!
Missing character: There is no K ("4B) in font nullfont!
Missing character: There is no e ("65) in font nullfont!
Missing character: There is no a ("61) in font nullfont!
Missing character: There is no n ("6E) in font nullfont!
Missing character: There is no - ("2D) in font nullfont!
Missing character: There is no V ("56) in font nullfont!
Missing character: There is no l ("6C) in font nullfont!
Missing character: There is no a ("61) in font nullfont!
Missing character: There is no s ("73) in font nullfont!
Missing character: There is no o ("6F) in font nullfont!
Missing character: There is no v ("76) in font nullfont!
Missing character: There is no 随 ("968F) in font nullfont!
Missing character: There is no 机 ("673A) in font nullfont!
Missing character: There is no 微 ("5FAE) in font nullfont!
Missing character: There is no 分 ("5206) in font nullfont!
Missing character: There is no 方 ("65B9) in font nullfont!
Missing character: There is no 程 ("7A0B) in font nullfont!
Missing character: There is no , ("2C) in font nullfont!
Missing character: There is no 并 ("5E76) in font nullfont!
Missing character: There is no 给 ("7ED9) in font nullfont!
Missing character: There is no 出 ("51FA) in font nullfont!
Missing character: There is no E ("45) in font nullfont!
Missing character: There is no M ("4D) in font nullfont!
Missing character: There is no 方 ("65B9) in font nullfont!
Missing character: There is no 法 ("6CD5) in font nullfont!
Missing character: There is no 的 ("7684) in font nullfont!
Missing character: There is no 强 ("5F3A) in font nullfont!
Missing character: There is no 收 ("6536) in font nullfont!
Missing character: There is no 敛 ("655B) in font nullfont!
Missing character: There is no 性 ("6027) in font nullfont!
Missing character: There is no 和 ("548C) in font nullfont!
Missing character: There is no 收 ("6536) in font nullfont!
Missing character: There is no 敛 ("655B) in font nullfont!
Missing character: There is no 阶 ("9636) in font nullfont!
Missing character: There is no . ("2E) in font nullfont!
Missing character: There is no [ ("5B) in font nullfont!
\citation{liu2020truncated}
! Undefined control sequence.
<write> ...: Citation `\@citeb ' on page \thepage 
                                                  \space undefined\on@line .^^J
l.13 ...程,并给出EM方法的强收敛性和收敛阶.\cite{liu2020truncated}
                                                  .研究截断EM方法来逼近一类具有Hölder连续性和...
The control sequence at the end of the top line
of your error message was never \def'ed. If you have
misspelled it (e.g., `\hobx'), type `I' and the correct
spelling (e.g., `I\hbox'). Otherwise just continue,
and I'll forget about whatever was undefined.


LaTeX Warning: Citation `liu2020truncated' on page  undefined on input line 13.


Missing character: There is no ] ("5D) in font nullfont!
Missing character: There is no . ("2E) in font nullfont!
Missing character: There is no 研 ("7814) in font nullfont!
Missing character: There is no 究 ("7A76) in font nullfont!
Missing character: There is no 截 ("622A) in font nullfont!
Missing character: There is no 断 ("65AD) in font nullfont!
Missing character: There is no E ("45) in font nullfont!
Missing character: There is no M ("4D) in font nullfont!
Missing character: There is no 方 ("65B9) in font nullfont!
Missing character: There is no 法 ("6CD5) in font nullfont!
Missing character: There is no 来 ("6765) in font nullfont!
Missing character: There is no 逼 ("903C) in font nullfont!
Missing character: There is no 近 ("8FD1) in font nullfont!
Missing character: There is no 一 ("4E00) in font nullfont!
Missing character: There is no 类 ("7C7B) in font nullfont!
Missing character: There is no 具 ("5177) in font nullfont!
Missing character: There is no 有 ("6709) in font nullfont!
Missing character: There is no H ("48) in font nullfont!
Missing character: There is no ö ("F6) in font nullfont!
Missing character: There is no l ("6C) in font nullfont!
Missing character: There is no d ("64) in font nullfont!
Missing character: There is no e ("65) in font nullfont!
Missing character: There is no r ("72) in font nullfont!
Missing character: There is no 连 ("8FDE) in font nullfont!
Missing character: There is no 续 ("7EED) in font nullfont!
Missing character: There is no 性 ("6027) in font nullfont!
Missing character: There is no 和 ("548C) in font nullfont!
Missing character: There is no 超 ("8D85) in font nullfont!
Missing character: There is no 线 ("7EBF) in font nullfont!
Missing character: There is no 性 ("6027) in font nullfont!
Missing character: There is no 增 ("589E) in font nullfont!
Missing character: There is no 长 ("957F) in font nullfont!
Missing character: There is no 的 ("7684) in font nullfont!
Missing character: There is no 非 ("975E) in font nullfont!
Missing character: There is no 自 ("81EA) in font nullfont!
Missing character: There is no 治 ("6CBB) in font nullfont!
Missing character: There is no 随 ("968F) in font nullfont!
Missing character: There is no 机 ("673A) in font nullfont!
Missing character: There is no 微 ("5FAE) in font nullfont!
Missing character: There is no 分 ("5206) in font nullfont!
Missing character: There is no 方 ("65B9) in font nullfont!
Missing character: There is no 程 ("7A0B) in font nullfont!
Missing character: There is no , ("2C) in font nullfont!
Missing character: There is no 并 ("5E76) in font nullfont!
Missing character: There is no 证 ("8BC1) in font nullfont!
Missing character: There is no 明 ("660E) in font nullfont!
Missing character: There is no 了 ("4E86) in font nullfont!
Missing character: There is no 强 ("5F3A) in font nullfont!
Missing character: There is no 收 ("6536) in font nullfont!
Missing character: There is no 敛 ("655B) in font nullfont!
Missing character: There is no 性 ("6027) in font nullfont!
Missing character: There is no 和 ("548C) in font nullfont!
Missing character: There is no 收 ("6536) in font nullfont!
Missing character: There is no 敛 ("655B) in font nullfont!
Missing character: There is no 阶 ("9636) in font nullfont!
Missing character: There is no . ("2E) in font nullfont!
Missing character: There is no [ ("5B) in font nullfont!
\citation{jin2021strong}
! Undefined control sequence.
<write> ...: Citation `\@citeb ' on page \thepage 
                                                  \space undefined\on@line .^^J
l.13 ...自治随机微分方程,并证明了强收敛性和收敛阶.\cite{jin2021strong}
                                                  
The control sequence at the end of the top line
of your error message was never \def'ed. If you have
misspelled it (e.g., `\hobx'), type `I' and the correct
spelling (e.g., `I\hbox'). Otherwise just continue,
and I'll forget about whatever was undefined.


LaTeX Warning: Citation `jin2021strong' on page  undefined on input line 13.

Missing character: There is no ] ("5D) in font nullfont!
Missing character: There is no 研 ("7814) in font nullfont!
Missing character: There is no 究 ("7A76) in font nullfont!
Missing character: There is no 一 ("4E00) in font nullfont!
Missing character: There is no 类 ("7C7B) in font nullfont!
Missing character: There is no 具 ("5177) in font nullfont!
Missing character: There is no 有 ("6709) in font nullfont!
Missing character: There is no 时 ("65F6) in font nullfont!
Missing character: There is no 间 ("95F4) in font nullfont!
Missing character: There is no 变 ("53D8) in font nullfont!
Missing character: There is no 换 ("6362) in font nullfont!
Missing character: There is no L ("4C) in font nullfont!
Missing character: There is no i ("69) in font nullfont!
Missing character: There is no p ("70) in font nullfont!
Missing character: There is no s ("73) in font nullfont!
Missing character: There is no c ("63) in font nullfont!
Missing character: There is no h ("68) in font nullfont!
Missing character: There is no i ("69) in font nullfont!
Missing character: There is no t ("74) in font nullfont!
Missing character: There is no z ("7A) in font nullfont!
Missing character: There is no 界 ("754C) in font nullfont!
Missing character: There is no 限 ("9650) in font nullfont!
Missing character: There is no 下 ("4E0B) in font nullfont!
Missing character: There is no , ("2C) in font nullfont!
Missing character: There is no 包 ("5305) in font nullfont!
Missing character: There is no 含 ("542B) in font nullfont!
Missing character: There is no 随 ("968F) in font nullfont!
Missing character: There is no 机 ("673A) in font nullfont!
Missing character: There is no 和 ("548C) in font nullfont!
Missing character: There is no 非 ("975E) in font nullfont!
Missing character: There is no 随 ("968F) in font nullfont!
Missing character: There is no 机 ("673A) in font nullfont!
Missing character: There is no 积 ("79EF) in font nullfont!
Missing character: There is no 分 ("5206) in font nullfont!
Missing character: There is no 项 ("9879) in font nullfont!
Missing character: There is no 的 ("7684) in font nullfont!
Missing character: There is no 时 ("65F6) in font nullfont!
Missing character: There is no 间 ("95F4) in font nullfont!
Missing character: There is no 变 ("53D8) in font nullfont!
Missing character: There is no 换 ("6362) in font nullfont!
Missing character: There is no 随 ("968F) in font nullfont!
Missing character: There is no 机 ("673A) in font nullfont!
Missing character: There is no 微 ("5FAE) in font nullfont!
Missing character: There is no 分 ("5206) in font nullfont!
Missing character: There is no 方 ("65B9) in font nullfont!
Missing character: There is no 程 ("7A0B) in font nullfont!
Missing character: There is no , ("2C) in font nullfont!
Missing character: There is no 并 ("5E76) in font nullfont!
Missing character: There is no 讨 ("8BA8) in font nullfont!
Missing character: There is no 论 ("8BBA) in font nullfont!
Missing character: There is no E ("45) in font nullfont!
Missing character: There is no M ("4D) in font nullfont!
Missing character: There is no 方 ("65B9) in font nullfont!
Missing character: There is no 法 ("6CD5) in font nullfont!
Missing character: There is no 和 ("548C) in font nullfont!
Missing character: There is no I ("49) in font nullfont!
Missing character: There is no t ("74) in font nullfont!
Missing character: There is no o ("6F) in font nullfont!
Missing character: There is no - ("2D) in font nullfont!
Missing character: There is no T ("54) in font nullfont!
Missing character: There is no a ("61) in font nullfont!
Missing character: There is no y ("79) in font nullfont!
Missing character: There is no l ("6C) in font nullfont!
Missing character: There is no o ("6F) in font nullfont!
Missing character: There is no r ("72) in font nullfont!
Missing character: There is no 方 ("65B9) in font nullfont!
Missing character: There is no 法 ("6CD5) in font nullfont!
Missing character: There is no 的 ("7684) in font nullfont!
Missing character: There is no 强 ("5F3A) in font nullfont!
Missing character: There is no 收 ("6536) in font nullfont!
Missing character: There is no 敛 ("655B) in font nullfont!
Missing character: There is no 性 ("6027) in font nullfont!
Missing character: There is no 和 ("548C) in font nullfont!
Missing character: There is no 收 ("6536) in font nullfont!
Missing character: There is no 敛 ("655B) in font nullfont!
Missing character: There is no 阶 ("9636) in font nullfont!
Missing character: There is no . ("2E) in font nullfont!
Missing character: There is no [ ("5B) in font nullfont!
\citation{li2023convergence}
! Undefined control sequence.
<write> ...: Citation `\@citeb ' on page \thepage 
                                                  \space undefined\on@line .^^J
l.14 ...Taylor方法的强收敛性和收敛阶.\cite{li2023convergence}
                                                  
The control sequence at the end of the top line
of your error message was never \def'ed. If you have
misspelled it (e.g., `\hobx'), type `I' and the correct
spelling (e.g., `I\hbox'). Otherwise just continue,
and I'll forget about whatever was undefined.


LaTeX Warning: Citation `li2023convergence' on page  undefined on input line 14
.

Missing character: There is no ] ("5D) in font nullfont!
Missing character: There is no 研 ("7814) in font nullfont!
Missing character: There is no 究 ("7A76) in font nullfont!
Missing character: There is no 一 ("4E00) in font nullfont!
Missing character: There is no 类 ("7C7B) in font nullfont!
Missing character: There is no 具 ("5177) in font nullfont!
Missing character: There is no 有 ("6709) in font nullfont!
Missing character: There is no 超 ("8D85) in font nullfont!
Missing character: There is no 线 ("7EBF) in font nullfont!
Missing character: There is no 性 ("6027) in font nullfont!
Missing character: There is no 增 ("589E) in font nullfont!
Missing character: There is no 长 ("957F) in font nullfont!
Missing character: There is no 的 ("7684) in font nullfont!
Missing character: There is no , ("2C) in font nullfont!
Missing character: There is no 包 ("5305) in font nullfont!
Missing character: There is no 含 ("542B) in font nullfont!
Missing character: There is no 随 ("968F) in font nullfont!
Missing character: There is no 机 ("673A) in font nullfont!
Missing character: There is no 和 ("548C) in font nullfont!
Missing character: There is no 非 ("975E) in font nullfont!
Missing character: There is no 随 ("968F) in font nullfont!
Missing character: There is no 机 ("673A) in font nullfont!
Missing character: There is no 积 ("79EF) in font nullfont!
Missing character: There is no 分 ("5206) in font nullfont!
Missing character: There is no 项 ("9879) in font nullfont!
Missing character: There is no 的 ("7684) in font nullfont!
Missing character: There is no 时 ("65F6) in font nullfont!
Missing character: There is no 间 ("95F4) in font nullfont!
Missing character: There is no 变 ("53D8) in font nullfont!
Missing character: There is no 换 ("6362) in font nullfont!
Missing character: There is no 随 ("968F) in font nullfont!
Missing character: There is no 机 ("673A) in font nullfont!
Missing character: There is no 微 ("5FAE) in font nullfont!
Missing character: There is no 分 ("5206) in font nullfont!
Missing character: There is no 方 ("65B9) in font nullfont!
Missing character: There is no 程 ("7A0B) in font nullfont!
Missing character: There is no , ("2C) in font nullfont!
Missing character: There is no 并 ("5E76) in font nullfont!
Missing character: There is no 讨 ("8BA8) in font nullfont!
Missing character: There is no 论 ("8BBA) in font nullfont!
Missing character: There is no 截 ("622A) in font nullfont!
Missing character: There is no 断 ("65AD) in font nullfont!
Missing character: There is no E ("45) in font nullfont!
Missing character: There is no M ("4D) in font nullfont!
Missing character: There is no 方 ("65B9) in font nullfont!
Missing character: There is no 法 ("6CD5) in font nullfont!
Missing character: There is no 的 ("7684) in font nullfont!
Missing character: There is no 强 ("5F3A) in font nullfont!
Missing character: There is no 收 ("6536) in font nullfont!
Missing character: There is no 敛 ("655B) in font nullfont!
Missing character: There is no 性 ("6027) in font nullfont!
Missing character: There is no 和 ("548C) in font nullfont!
Missing character: There is no 收 ("6536) in font nullfont!
Missing character: There is no 敛 ("655B) in font nullfont!
Missing character: There is no 阶 ("9636) in font nullfont!
Missing character: There is no . ("2E) in font nullfont!
Missing character: There is no 在 ("5728) in font nullfont!
Missing character: There is no [ ("5B) in font nullfont!
\citation{jum2014strong}
! Undefined control sequence.
<write> ...: Citation `\@citeb ' on page \thepage 
                                                  \space undefined\on@line .^^J
l.15 ...程,并讨论截断EM方法的强收敛性和收敛阶.在\cite{jum2014strong}
                                                  中证明了对于漂移项和扩散项都满足全局Lipschit...
The control sequence at the end of the top line
of your error message was never \def'ed. If you have
misspelled it (e.g., `\hobx'), type `I' and the correct
spelling (e.g., `I\hbox'). Otherwise just continue,
and I'll forget about whatever was undefined.


LaTeX Warning: Citation `jum2014strong' on page  undefined on input line 15.

Missing character: There is no ] ("5D) in font nullfont!
Missing character: There is no 中 ("4E2D) in font nullfont!
Missing character: There is no 证 ("8BC1) in font nullfont!
Missing character: There is no 明 ("660E) in font nullfont!
Missing character: There is no 了 ("4E86) in font nullfont!
Missing character: There is no 对 ("5BF9) in font nullfont!
Missing character: There is no 于 ("4E8E) in font nullfont!
Missing character: There is no 漂 ("6F02) in font nullfont!
Missing character: There is no 移 ("79FB) in font nullfont!
Missing character: There is no 项 ("9879) in font nullfont!
Missing character: There is no 和 ("548C) in font nullfont!
Missing character: There is no 扩 ("6269) in font nullfont!
Missing character: There is no 散 ("6563) in font nullfont!
Missing character: There is no 项 ("9879) in font nullfont!
Missing character: There is no 都 ("90FD) in font nullfont!
Missing character: There is no 满 ("6EE1) in font nullfont!
Missing character: There is no 足 ("8DB3) in font nullfont!
Missing character: There is no 全 ("5168) in font nullfont!
Missing character: There is no 局 ("5C40) in font nullfont!
Missing character: There is no L ("4C) in font nullfont!
Missing character: There is no i ("69) in font nullfont!
Missing character: There is no p ("70) in font nullfont!
Missing character: There is no s ("73) in font nullfont!
Missing character: There is no c ("63) in font nullfont!
Missing character: There is no h ("68) in font nullfont!
Missing character: There is no i ("69) in font nullfont!
Missing character: There is no t ("74) in font nullfont!
Missing character: There is no z ("7A) in font nullfont!
Missing character: There is no 时 ("65F6) in font nullfont!
Missing character: There is no , ("2C) in font nullfont!
Missing character: There is no 可 ("53EF) in font nullfont!
Missing character: There is no 以 ("4EE5) in font nullfont!
Missing character: There is no 采 ("91C7) in font nullfont!
Missing character: There is no 用 ("7528) in font nullfont!
Missing character: There is no 对 ("5BF9) in font nullfont!
Missing character: There is no 偶 ("5076) in font nullfont!
Missing character: There is no 原 ("539F) in font nullfont!
Missing character: There is no 则 ("5219) in font nullfont!
Missing character: There is no , ("2C) in font nullfont!
Missing character: There is no 将 ("5C06) in font nullfont!
Missing character: There is no 时 ("65F6) in font nullfont!
Missing character: There is no 间 ("95F4) in font nullfont!
Missing character: There is no 变 ("53D8) in font nullfont!
Missing character: There is no 换 ("6362) in font nullfont!
Missing character: There is no 随 ("968F) in font nullfont!
Missing character: There is no 机 ("673A) in font nullfont!
Missing character: There is no 微 ("5FAE) in font nullfont!
Missing character: There is no 分 ("5206) in font nullfont!
Missing character: There is no 方 ("65B9) in font nullfont!
Missing character: There is no 程 ("7A0B) in font nullfont!
Missing character: There is no 转 ("8F6C) in font nullfont!
Missing character: There is no 换 ("6362) in font nullfont!
Missing character: There is no 成 ("6210) in font nullfont!
Missing character: There is no 一 ("4E00) in font nullfont!
Missing character: There is no 般 ("822C) in font nullfont!
Missing character: There is no 随 ("968F) in font nullfont!
Missing character: There is no 机 ("673A) in font nullfont!
Missing character: There is no 微 ("5FAE) in font nullfont!
Missing character: There is no 分 ("5206) in font nullfont!
Missing character: There is no 方 ("65B9) in font nullfont!
Missing character: There is no 程 ("7A0B) in font nullfont!
Missing character: There is no , ("2C) in font nullfont!
Missing character: There is no 通 ("901A) in font nullfont!
Missing character: There is no 过 ("8FC7) in font nullfont!
Missing character: There is no 对 ("5BF9) in font nullfont!
Missing character: There is no 一 ("4E00) in font nullfont!
Missing character: There is no 般 ("822C) in font nullfont!
Missing character: There is no 随 ("968F) in font nullfont!
Missing character: There is no 机 ("673A) in font nullfont!
Missing character: There is no 微 ("5FAE) in font nullfont!
Missing character: There is no 分 ("5206) in font nullfont!
Missing character: There is no 方 ("65B9) in font nullfont!
Missing character: There is no 程 ("7A0B) in font nullfont!
Missing character: There is no 使 ("4F7F) in font nullfont!
Missing character: There is no 用 ("7528) in font nullfont!
Missing character: There is no E ("45) in font nullfont!
Missing character: There is no M ("4D) in font nullfont!
Missing character: There is no 数 ("6570) in font nullfont!
Missing character: There is no 值 ("503C) in font nullfont!
Missing character: There is no 格 ("683C) in font nullfont!
Missing character: There is no 式 ("5F0F) in font nullfont!
Missing character: There is no 进 ("8FDB) in font nullfont!
Missing character: There is no 行 ("884C) in font nullfont!
Missing character: There is no 逼 ("903C) in font nullfont!
Missing character: There is no 近 ("8FD1) in font nullfont!
Missing character: There is no , ("2C) in font nullfont!
Missing character: There is no 进 ("8FDB) in font nullfont!
Missing character: There is no 而 ("800C) in font nullfont!
Missing character: There is no 得 ("5F97) in font nullfont!
Missing character: There is no 到 ("5230) in font nullfont!
Missing character: There is no 时 ("65F6) in font nullfont!
Missing character: There is no 间 ("95F4) in font nullfont!
Missing character: There is no 变 ("53D8) in font nullfont!
Missing character: There is no 换 ("6362) in font nullfont!
Missing character: There is no 随 ("968F) in font nullfont!
Missing character: There is no 机 ("673A) in font nullfont!
Missing character: There is no 微 ("5FAE) in font nullfont!
Missing character: There is no 分 ("5206) in font nullfont!
Missing character: There is no 方 ("65B9) in font nullfont!
Missing character: There is no 程 ("7A0B) in font nullfont!
Missing character: There is no 的 ("7684) in font nullfont!
Missing character: There is no 强 ("5F3A) in font nullfont!
Missing character: There is no 收 ("6536) in font nullfont!
Missing character: There is no 敛 ("655B) in font nullfont!
Missing character: There is no 阶 ("9636) in font nullfont!
Missing character: There is no . ("2E) in font nullfont!
Missing character: There is no 在 ("5728) in font nullfont!
Missing character: There is no [ ("5B) in font nullfont!
\citation{deng2020semi}
! Undefined control sequence.
<write> ...: Citation `\@citeb ' on page \thepage 
                                                  \space undefined\on@line .^^J
l.15 ...近,进而得到时间变换随机微分方程的强收敛阶.在\cite{deng2020semi}
                                                  中将这一思想运用在漂移项满足非全局Lipschitz...
The control sequence at the end of the top line
of your error message was never \def'ed. If you have
misspelled it (e.g., `\hobx'), type `I' and the correct
spelling (e.g., `I\hbox'). Otherwise just continue,
and I'll forget about whatever was undefined.


LaTeX Warning: Citation `deng2020semi' on page  undefined on input line 15.

Missing character: There is no ] ("5D) in font nullfont!
Missing character: There is no 中 ("4E2D) in font nullfont!
Missing character: There is no 将 ("5C06) in font nullfont!
Missing character: There is no 这 ("8FD9) in font nullfont!
Missing character: There is no 一 ("4E00) in font nullfont!
Missing character: There is no 思 ("601D) in font nullfont!
Missing character: There is no 想 ("60F3) in font nullfont!
Missing character: There is no 运 ("8FD0) in font nullfont!
Missing character: There is no 用 ("7528) in font nullfont!
Missing character: There is no 在 ("5728) in font nullfont!
Missing character: There is no 漂 ("6F02) in font nullfont!
Missing character: There is no 移 ("79FB) in font nullfont!
Missing character: There is no 项 ("9879) in font nullfont!
Missing character: There is no 满 ("6EE1) in font nullfont!
Missing character: There is no 足 ("8DB3) in font nullfont!
Missing character: There is no 非 ("975E) in font nullfont!
Missing character: There is no 全 ("5168) in font nullfont!
Missing character: There is no 局 ("5C40) in font nullfont!
Missing character: There is no L ("4C) in font nullfont!
Missing character: There is no i ("69) in font nullfont!
Missing character: There is no p ("70) in font nullfont!
Missing character: There is no s ("73) in font nullfont!
Missing character: There is no c ("63) in font nullfont!
Missing character: There is no h ("68) in font nullfont!
Missing character: There is no i ("69) in font nullfont!
Missing character: There is no t ("74) in font nullfont!
Missing character: There is no z ("7A) in font nullfont!
Missing character: There is no 条 ("6761) in font nullfont!
Missing character: There is no 件 ("4EF6) in font nullfont!
Missing character: There is no 时 ("65F6) in font nullfont!
Missing character: There is no , ("2C) in font nullfont!
Missing character: There is no 使 ("4F7F) in font nullfont!
Missing character: There is no 用 ("7528) in font nullfont!
Missing character: There is no 半 ("534A) in font nullfont!
Missing character: There is no 隐 ("9690) in font nullfont!
Missing character: There is no 式 ("5F0F) in font nullfont!
Missing character: There is no E ("45) in font nullfont!
Missing character: There is no M ("4D) in font nullfont!
Missing character: There is no 得 ("5F97) in font nullfont!
Missing character: There is no 到 ("5230) in font nullfont!
Missing character: There is no 强 ("5F3A) in font nullfont!
Missing character: There is no 收 ("6536) in font nullfont!
Missing character: There is no 敛 ("655B) in font nullfont!
Missing character: There is no 阶 ("9636) in font nullfont!
Missing character: There is no , ("2C) in font nullfont!
Missing character: There is no 并 ("5E76) in font nullfont!
Missing character: There is no 研 ("7814) in font nullfont!
Missing character: There is no 究 ("7A76) in font nullfont!
Missing character: There is no 了 ("4E86) in font nullfont!
Missing character: There is no 其 ("5176) in font nullfont!
Missing character: There is no 稳 ("7A33) in font nullfont!
Missing character: There is no 定 ("5B9A) in font nullfont!
Missing character: There is no 性 ("6027) in font nullfont!
Missing character: There is no . ("2E) in font nullfont!
Missing character: There is no 这 ("8FD9) in font nullfont!
Missing character: There is no 解 ("89E3) in font nullfont!
Missing character: There is no 决 ("51B3) in font nullfont!
Missing character: There is no 了 ("4E86) in font nullfont!
Missing character: There is no 一 ("4E00) in font nullfont!
Missing character: There is no 大 ("5927) in font nullfont!
Missing character: There is no 类 ("7C7B) in font nullfont!
Missing character: There is no 可 ("53EF) in font nullfont!
Missing character: There is no 以 ("4EE5) in font nullfont!
Missing character: There is no 对 ("5BF9) in font nullfont!
Missing character: There is no 偶 ("5076) in font nullfont!
Missing character: There is no 化 ("5316) in font nullfont!
Missing character: There is no 的 ("7684) in font nullfont!
Missing character: There is no 时 ("65F6) in font nullfont!
Missing character: There is no 间 ("95F4) in font nullfont!
Missing character: There is no 变 ("53D8) in font nullfont!
Missing character: There is no 换 ("6362) in font nullfont!
Missing character: There is no 微 ("5FAE) in font nullfont!
Missing character: There is no 分 ("5206) in font nullfont!
Missing character: There is no 方 ("65B9) in font nullfont!
Missing character: There is no 程 ("7A0B) in font nullfont!
Missing character: There is no 的 ("7684) in font nullfont!
Missing character: There is no 数 ("6570) in font nullfont!
Missing character: There is no 值 ("503C) in font nullfont!
Missing character: There is no 格 ("683C) in font nullfont!
Missing character: There is no 式 ("5F0F) in font nullfont!
Missing character: There is no 收 ("6536) in font nullfont!
Missing character: There is no 敛 ("655B) in font nullfont!
Missing character: There is no 性 ("6027) in font nullfont!
Missing character: There is no 问 ("95EE) in font nullfont!
Missing character: There is no 题 ("9898) in font nullfont!
Missing character: There is no . ("2E) in font nullfont!
Missing character: There is no 在 ("5728) in font nullfont!
Missing character: There is no [ ("5B) in font nullfont!
\citation{jin2019strong}
! Undefined control sequence.
<write> ...: Citation `\@citeb ' on page \thepage 
                                                  \space undefined\on@line .^^J
l.15 ...化的时间变换微分方程的数值格式收敛性问题.在\cite{jin2019strong}
                                                  ,对于不能使用对偶原则的时间变换随机微分方程,采用一...
The control sequence at the end of the top line
of your error message was never \def'ed. If you have
misspelled it (e.g., `\hobx'), type `I' and the correct
spelling (e.g., `I\hbox'). Otherwise just continue,
and I'll forget about whatever was undefined.


LaTeX Warning: Citation `jin2019strong' on page  undefined on input line 15.

Missing character: There is no ] ("5D) in font nullfont!
Missing character: There is no , ("2C) in font nullfont!
Missing character: There is no 对 ("5BF9) in font nullfont!
Missing character: There is no 于 ("4E8E) in font nullfont!
Missing character: There is no 不 ("4E0D) in font nullfont!
Missing character: There is no 能 ("80FD) in font nullfont!
Missing character: There is no 使 ("4F7F) in font nullfont!
Missing character: There is no 用 ("7528) in font nullfont!
Missing character: There is no 对 ("5BF9) in font nullfont!
Missing character: There is no 偶 ("5076) in font nullfont!
Missing character: There is no 原 ("539F) in font nullfont!
Missing character: There is no 则 ("5219) in font nullfont!
Missing character: There is no 的 ("7684) in font nullfont!
Missing character: There is no 时 ("65F6) in font nullfont!
Missing character: There is no 间 ("95F4) in font nullfont!
Missing character: There is no 变 ("53D8) in font nullfont!
Missing character: There is no 换 ("6362) in font nullfont!
Missing character: There is no 随 ("968F) in font nullfont!
Missing character: There is no 机 ("673A) in font nullfont!
Missing character: There is no 微 ("5FAE) in font nullfont!
Missing character: There is no 分 ("5206) in font nullfont!
Missing character: There is no 方 ("65B9) in font nullfont!
Missing character: There is no 程 ("7A0B) in font nullfont!
Missing character: There is no , ("2C) in font nullfont!
Missing character: There is no 采 ("91C7) in font nullfont!
Missing character: There is no 用 ("7528) in font nullfont!
Missing character: There is no 一 ("4E00) in font nullfont!
Missing character: There is no 种 ("79CD) in font nullfont!
Missing character: There is no 非 ("975E) in font nullfont!
Missing character: There is no 等 ("7B49) in font nullfont!
Missing character: There is no 距 ("8DDD) in font nullfont!
Missing character: There is no 的 ("7684) in font nullfont!
Missing character: There is no 离 ("79BB) in font nullfont!
Missing character: There is no 散 ("6563) in font nullfont!
Missing character: There is no 格 ("683C) in font nullfont!
Missing character: There is no 式 ("5F0F) in font nullfont!
Missing character: There is no , ("2C) in font nullfont!
Missing character: There is no 并 ("5E76) in font nullfont!
Missing character: There is no 得 ("5F97) in font nullfont!
Missing character: There is no 到 ("5230) in font nullfont!
Missing character: There is no 强 ("5F3A) in font nullfont!
Missing character: There is no 收 ("6536) in font nullfont!
Missing character: There is no 敛 ("655B) in font nullfont!
Missing character: There is no 阶 ("9636) in font nullfont!
Missing character: There is no . ("2E) in font nullfont!
Missing character: There is no 对 ("5BF9) in font nullfont!
Missing character: There is no 于 ("4E8E) in font nullfont!
Missing character: There is no 时 ("65F6) in font nullfont!
Missing character: There is no 间 ("95F4) in font nullfont!
Missing character: There is no 变 ("53D8) in font nullfont!
Missing character: There is no 换 ("6362) in font nullfont!
Missing character: There is no 的 ("7684) in font nullfont!
Missing character: There is no 随 ("968F) in font nullfont!
Missing character: There is no 机 ("673A) in font nullfont!
Missing character: There is no 微 ("5FAE) in font nullfont!
Missing character: There is no 分 ("5206) in font nullfont!
Missing character: There is no 方 ("65B9) in font nullfont!
Missing character: There is no 程 ("7A0B) in font nullfont!
Missing character: There is no , ("2C) in font nullfont!
Missing character: There is no 现 ("73B0) in font nullfont!
Missing character: There is no 在 ("5728) in font nullfont!
Missing character: There is no 已 ("5DF2) in font nullfont!
Missing character: There is no 经 ("7ECF) in font nullfont!
Missing character: There is no 有 ("6709) in font nullfont!
Missing character: There is no 了 ("4E86) in font nullfont!
Missing character: There is no 很 ("5F88) in font nullfont!
Missing character: There is no 多 ("591A) in font nullfont!
Missing character: There is no 的 ("7684) in font nullfont!
Missing character: There is no 数 ("6570) in font nullfont!
Missing character: There is no 值 ("503C) in font nullfont!
Missing character: There is no 格 ("683C) in font nullfont!
Missing character: There is no 式 ("5F0F) in font nullfont!
Missing character: There is no , ("2C) in font nullfont!
Missing character: There is no 但 ("4F46) in font nullfont!
Missing character: There is no 是 ("662F) in font nullfont!
Missing character: There is no 到 ("5230) in font nullfont!
Missing character: There is no 目 ("76EE) in font nullfont!
Missing character: There is no 前 ("524D) in font nullfont!
Missing character: There is no 为 ("4E3A) in font nullfont!
Missing character: There is no 止 ("6B62) in font nullfont!
Missing character: There is no 这 ("8FD9) in font nullfont!
Missing character: There is no 些 ("4E9B) in font nullfont!
Missing character: There is no 数 ("6570) in font nullfont!
Missing character: There is no 值 ("503C) in font nullfont!
Missing character: There is no 格 ("683C) in font nullfont!
Missing character: There is no 式 ("5F0F) in font nullfont!
Missing character: There is no , ("2C) in font nullfont!
Missing character: There is no 大 ("5927) in font nullfont!
Missing character: There is no 多 ("591A) in font nullfont!
Missing character: There is no 采 ("91C7) in font nullfont!
Missing character: There is no 用 ("7528) in font nullfont!
Missing character: There is no 的 ("7684) in font nullfont!
Missing character: There is no 是 ("662F) in font nullfont!
Missing character: There is no 非 ("975E) in font nullfont!
Missing character: There is no 等 ("7B49) in font nullfont!
Missing character: There is no 距 ("8DDD) in font nullfont!
Missing character: There is no 离 ("79BB) in font nullfont!
Missing character: There is no 散 ("6563) in font nullfont!
Missing character: There is no , ("2C) in font nullfont!
Missing character: There is no 对 ("5BF9) in font nullfont!
Missing character: There is no 于 ("4E8E) in font nullfont!
LaTeX Font Info:    External font `cmex10' loaded for size
(Font)              <7> on input line 15.
LaTeX Font Info:    External font `cmex10' loaded for size
(Font)              <5> on input line 15.
Missing character: There is no 的 ("7684) in font nullfont!
Missing character: There is no 离 ("79BB) in font nullfont!
Missing character: There is no 散 ("6563) in font nullfont!
Missing character: There is no , ("2C) in font nullfont!
Missing character: There is no 通 ("901A) in font nullfont!
Missing character: There is no 过 ("8FC7) in font nullfont!
Missing character: There is no 对 ("5BF9) in font nullfont!
Missing character: There is no 非 ("975E) in font nullfont!
Missing character: There is no 等 ("7B49) in font nullfont!
Missing character: There is no 距 ("8DDD) in font nullfont!
Missing character: There is no 离 ("79BB) in font nullfont!
Missing character: There is no 散 ("6563) in font nullfont!
Missing character: There is no , ("2C) in font nullfont!
Missing character: There is no 使 ("4F7F) in font nullfont!
Missing character: There is no 之 ("4E4B) in font nullfont!
Missing character: There is no 变 ("53D8) in font nullfont!
Missing character: There is no 成 ("6210) in font nullfont!
Missing character: There is no 实 ("5B9E) in font nullfont!
Missing character: There is no 际 ("9645) in font nullfont!
Missing character: There is no 上 ("4E0A) in font nullfont!
Missing character: There is no 是 ("662F) in font nullfont!
Missing character: There is no 对 ("5BF9) in font nullfont!
Missing character: There is no 的 ("7684) in font nullfont!
Missing character: There is no 等 ("7B49) in font nullfont!
Missing character: There is no 距 ("8DDD) in font nullfont!
Missing character: There is no 离 ("79BB) in font nullfont!
Missing character: There is no 散 ("6563) in font nullfont!
Missing character: There is no . ("2E) in font nullfont!
Missing character: There is no 而 ("800C) in font nullfont!
Missing character: There is no 在 ("5728) in font nullfont!
Missing character: There is no 这 ("8FD9) in font nullfont!
Missing character: There is no 篇 ("7BC7) in font nullfont!
Missing character: There is no 文 ("6587) in font nullfont!
Missing character: There is no 章 ("7AE0) in font nullfont!
Missing character: There is no 中 ("4E2D) in font nullfont!
Missing character: There is no , ("2C) in font nullfont!
Missing character: There is no 我 ("6211) in font nullfont!
Missing character: There is no 们 ("4EEC) in font nullfont!
Missing character: There is no 将 ("5C06) in font nullfont!
Missing character: There is no 对 ("5BF9) in font nullfont!
Missing character: There is no 采 ("91C7) in font nullfont!
Missing character: There is no 用 ("7528) in font nullfont!
Missing character: There is no 等 ("7B49) in font nullfont!
Missing character: There is no 距 ("8DDD) in font nullfont!
Missing character: There is no 离 ("79BB) in font nullfont!
Missing character: There is no 散 ("6563) in font nullfont!
Missing character: There is no 来 ("6765) in font nullfont!
Missing character: There is no 研 ("7814) in font nullfont!
Missing character: There is no 究 ("7A76) in font nullfont!
Missing character: There is no 随 ("968F) in font nullfont!
Missing character: There is no 机 ("673A) in font nullfont!
Missing character: There is no 微 ("5FAE) in font nullfont!
Missing character: There is no 分 ("5206) in font nullfont!
Missing character: There is no 方 ("65B9) in font nullfont!
Missing character: There is no 程 ("7A0B) in font nullfont!
Missing character: There is no : ("3A) in font nullfont!

Overfull \hbox (25.43pt too wide) in paragraph at lines 12--16
[][]
 []


Overfull \hbox (10.85999pt too wide) in paragraph at lines 12--16
[][]
 []


Overfull \hbox (5.43pt too wide) in paragraph at lines 12--16
[]
 []


Overfull \hbox (62.20667pt too wide) in paragraph at lines 12--16
[][][]$\OML/cmm/m/it/10 E\OT1/cmr/m/n/10 (\OML/cmm/m/it/10 t\OT1/cmr/m/n/10 )$$
\OML/cmm/m/it/10 t$$E\OT1/cmr/m/n/10 (\OML/cmm/m/it/10 t\OT1/cmr/m/n/10 )$$\OML
/cmm/m/it/10 t$ 
 []


Overfull \hbox (156.32988pt too wide) detected at line 18
[]\OML/cmm/m/it/10 dX\OT1/cmr/m/n/10 (\OML/cmm/m/it/10 s\OT1/cmr/m/n/10 ) = \OM
L/cmm/m/it/10 f\OT1/cmr/m/n/10 (\OML/cmm/m/it/10 X\OT1/cmr/m/n/10 (\OML/cmm/m/i
t/10 s\OT1/cmr/m/n/10 ))\OML/cmm/m/it/10 dE\OT1/cmr/m/n/10 (\OML/cmm/m/it/10 s\
OT1/cmr/m/n/10 ) + \OML/cmm/m/it/10 ^^[dB\OT1/cmr/m/n/10 (\OML/cmm/m/it/10 E\OT
1/cmr/m/n/10 (\OML/cmm/m/it/10 s\OT1/cmr/m/n/10 ))
 []

Missing character: There is no 这 ("8FD9) in font nullfont!
Missing character: There is no 样 ("6837) in font nullfont!
Missing character: There is no 离 ("79BB) in font nullfont!
Missing character: There is no 散 ("6563) in font nullfont!
Missing character: There is no , ("2C) in font nullfont!
Missing character: There is no 会 ("4F1A) in font nullfont!
Missing character: There is no 引 ("5F15) in font nullfont!
Missing character: There is no 入 ("5165) in font nullfont!
Missing character: There is no 一 ("4E00) in font nullfont!
Missing character: There is no 个 ("4E2A) in font nullfont!
Missing character: There is no 必 ("5FC5) in font nullfont!
Missing character: There is no 须 ("987B) in font nullfont!
Missing character: There is no 面 ("9762) in font nullfont!
Missing character: There is no 临 ("4E34) in font nullfont!
Missing character: There is no 的 ("7684) in font nullfont!
Missing character: There is no 困 ("56F0) in font nullfont!
Missing character: There is no 难 ("96BE) in font nullfont!
Missing character: There is no , ("2C) in font nullfont!
Missing character: There is no 在 ("5728) in font nullfont!
Missing character: There is no 取 ("53D6) in font nullfont!
Missing character: There is no 期 ("671F) in font nullfont!
Missing character: There is no 望 ("671B) in font nullfont!
Missing character: There is no 的 ("7684) in font nullfont!
Missing character: There is no 时 ("65F6) in font nullfont!
Missing character: There is no 候 ("5019) in font nullfont!
Missing character: There is no , ("2C) in font nullfont!
Missing character: There is no 不 ("4E0D) in font nullfont!
Missing character: There is no 能 ("80FD) in font nullfont!
Missing character: There is no 再 ("518D) in font nullfont!
Missing character: There is no 像 ("50CF) in font nullfont!
Missing character: There is no 之 ("4E4B) in font nullfont!
Missing character: There is no 前 ("524D) in font nullfont!
Missing character: There is no 的 ("7684) in font nullfont!
Missing character: There is no 离 ("79BB) in font nullfont!
Missing character: There is no 散 ("6563) in font nullfont!
Missing character: There is no 那 ("90A3) in font nullfont!
Missing character: There is no 样 ("6837) in font nullfont!
Missing character: There is no , ("2C) in font nullfont!
Missing character: There is no 将 ("5C06) in font nullfont!
Missing character: There is no 微 ("5FAE) in font nullfont!
Missing character: There is no 分 ("5206) in font nullfont!
Missing character: There is no 项 ("9879) in font nullfont!
Missing character: There is no 的 ("7684) in font nullfont!
Missing character: There is no 拿 ("62FF) in font nullfont!
Missing character: There is no 出 ("51FA) in font nullfont!
Missing character: There is no 来 ("6765) in font nullfont!
Missing character: There is no , ("2C) in font nullfont!
Missing character: There is no 这 ("8FD9) in font nullfont!
Missing character: There is no 就 ("5C31) in font nullfont!
Missing character: There is no 引 ("5F15) in font nullfont!
Missing character: There is no 入 ("5165) in font nullfont!
Missing character: There is no 了 ("4E86) in font nullfont!
Missing character: There is no 不 ("4E0D) in font nullfont!
Missing character: There is no 得 ("5F97) in font nullfont!
Missing character: There is no 不 ("4E0D) in font nullfont!
Missing character: There is no 解 ("89E3) in font nullfont!
Missing character: There is no 决 ("51B3) in font nullfont!
Missing character: There is no 的 ("7684) in font nullfont!
Missing character: There is no 麻 ("9EBB) in font nullfont!
Missing character: There is no 烦 ("70E6) in font nullfont!
Missing character: There is no , ("2C) in font nullfont!
Missing character: There is no 对 ("5BF9) in font nullfont!
Missing character: There is no 于 ("4E8E) in font nullfont!
Missing character: There is no 的 ("7684) in font nullfont!
Missing character: There is no 分 ("5206) in font nullfont!
Missing character: There is no 析 ("6790) in font nullfont!
Missing character: There is no . ("2E) in font nullfont!
Missing character: There is no [ ("5B) in font nullfont!
\citation{daley2003introduction}
! Undefined control sequence.
<write> ...: Citation `\@citeb ' on page \thepage 
                                                  \space undefined\on@line .^^J
l.20 \cite{daley2003introduction}
                                 和\cite{magdziarz2009stochastic}中对于Cox这个更新过程...
The control sequence at the end of the top line
of your error message was never \def'ed. If you have
misspelled it (e.g., `\hobx'), type `I' and the correct
spelling (e.g., `I\hbox'). Otherwise just continue,
and I'll forget about whatever was undefined.


LaTeX Warning: Citation `daley2003introduction' on page  undefined on input lin
e 20.

Missing character: There is no ] ("5D) in font nullfont!
Missing character: There is no 和 ("548C) in font nullfont!
Missing character: There is no [ ("5B) in font nullfont!
\citation{magdziarz2009stochastic}
! Undefined control sequence.
<write> ...: Citation `\@citeb ' on page \thepage 
                                                  \space undefined\on@line .^^J
l.20 ...troduction}和\cite{magdziarz2009stochastic}
                                                  中对于Cox这个更新过程的描述,对研究$E(t)$的...
The control sequence at the end of the top line
of your error message was never \def'ed. If you have
misspelled it (e.g., `\hobx'), type `I' and the correct
spelling (e.g., `I\hbox'). Otherwise just continue,
and I'll forget about whatever was undefined.


LaTeX Warning: Citation `magdziarz2009stochastic' on page  undefined on input l
ine 20.

Missing character: There is no ] ("5D) in font nullfont!
Missing character: There is no 中 ("4E2D) in font nullfont!
Missing character: There is no 对 ("5BF9) in font nullfont!
Missing character: There is no 于 ("4E8E) in font nullfont!
Missing character: There is no C ("43) in font nullfont!
Missing character: There is no o ("6F) in font nullfont!
Missing character: There is no x ("78) in font nullfont!
Missing character: There is no 这 ("8FD9) in font nullfont!
Missing character: There is no 个 ("4E2A) in font nullfont!
Missing character: There is no 更 ("66F4) in font nullfont!
Missing character: There is no 新 ("65B0) in font nullfont!
Missing character: There is no 过 ("8FC7) in font nullfont!
Missing character: There is no 程 ("7A0B) in font nullfont!
Missing character: There is no 的 ("7684) in font nullfont!
Missing character: There is no 描 ("63CF) in font nullfont!
Missing character: There is no 述 ("8FF0) in font nullfont!
Missing character: There is no , ("2C) in font nullfont!
Missing character: There is no 对 ("5BF9) in font nullfont!
Missing character: There is no 研 ("7814) in font nullfont!
Missing character: There is no 究 ("7A76) in font nullfont!
Missing character: There is no 的 ("7684) in font nullfont!
Missing character: There is no 期 ("671F) in font nullfont!
Missing character: There is no 望 ("671B) in font nullfont!
Missing character: There is no 起 ("8D77) in font nullfont!
Missing character: There is no 到 ("5230) in font nullfont!
Missing character: There is no 了 ("4E86) in font nullfont!
Missing character: There is no 关 ("5173) in font nullfont!
Missing character: There is no 键 ("952E) in font nullfont!
Missing character: There is no 性 ("6027) in font nullfont!
Missing character: There is no 作 ("4F5C) in font nullfont!
Missing character: There is no 用 ("7528) in font nullfont!
Missing character: There is no . ("2E) in font nullfont!

Overfull \hbox (33.36807pt too wide) in paragraph at lines 18--21
$\OML/cmm/m/it/10 dt$$dE\OT1/cmr/m/n/10 (\OML/cmm/m/it/10 t\OT1/cmr/m/n/10 )$
 []


Overfull \hbox (30.20721pt too wide) in paragraph at lines 18--21
[][]$\OML/cmm/m/it/10 E\OT1/cmr/m/n/10 (\OML/cmm/m/it/10 t\OT1/cmr/m/n/10 )$ 
 []

! Undefined control sequence.
l.23 \section
             {主要结论}\label{sec:mainResults}
The control sequence at the end of the top line
of your error message was never \def'ed. If you have
misspelled it (e.g., `\hobx'), type `I' and the correct
spelling (e.g., `I\hbox'). Otherwise just continue,
and I'll forget about whatever was undefined.


! LaTeX Error: Missing \begin{document}.

See the LaTeX manual or LaTeX Companion for explanation.
Type  H <return>  for immediate help.
 ...                                              
                                                  
l.23 \section{主
               要结论}\label{sec:mainResults}
You're in trouble here.  Try typing  <return>  to proceed.
If that doesn't work, type  X <return>  to quit.

Missing character: There is no 主 ("4E3B) in font nullfont!
Missing character: There is no 要 ("8981) in font nullfont!
Missing character: There is no 结 ("7ED3) in font nullfont!
Missing character: There is no 论 ("8BBA) in font nullfont!

Overfull \hbox (20.0pt too wide) in paragraph at lines 23--24
[][] 
 []


! LaTeX Error: Missing \begin{document}.

See the LaTeX manual or LaTeX Companion for explanation.
Type  H <return>  for immediate help.
 ...                                              
                                                  
l.25 主
      要结论
You're in trouble here.  Try typing  <return>  to proceed.
If that doesn't work, type  X <return>  to quit.

Missing character: There is no 主 ("4E3B) in font nullfont!
Missing character: There is no 要 ("8981) in font nullfont!
Missing character: There is no 结 ("7ED3) in font nullfont!
Missing character: There is no 论 ("8BBA) in font nullfont!

Overfull \hbox (20.0pt too wide) in paragraph at lines 25--26
[] 
 []

! Undefined control sequence.
l.28 \section
             {结构安排}
The control sequence at the end of the top line
of your error message was never \def'ed. If you have
misspelled it (e.g., `\hobx'), type `I' and the correct
spelling (e.g., `I\hbox'). Otherwise just continue,
and I'll forget about whatever was undefined.


! LaTeX Error: Missing \begin{document}.

See the LaTeX manual or LaTeX Companion for explanation.
Type  H <return>  for immediate help.
 ...                                              
                                                  
l.28 \section{结
               构安排}
You're in trouble here.  Try typing  <return>  to proceed.
If that doesn't work, type  X <return>  to quit.

Missing character: There is no 结 ("7ED3) in font nullfont!
Missing character: There is no 构 ("6784) in font nullfont!
Missing character: There is no 安 ("5B89) in font nullfont!
Missing character: There is no 排 ("6392) in font nullfont!

Overfull \hbox (20.0pt too wide) in paragraph at lines 28--29
[] 
 []


! LaTeX Error: Missing \begin{document}.

See the LaTeX manual or LaTeX Companion for explanation.
Type  H <return>  for immediate help.
 ...                                              
                                                  
l.30 本
      文接下来的写作安排如下:
You're in trouble here.  Try typing  <return>  to proceed.
If that doesn't work, type  X <return>  to quit.

Missing character: There is no 本 ("672C) in font nullfont!
Missing character: There is no 文 ("6587) in font nullfont!
Missing character: There is no 接 ("63A5) in font nullfont!
Missing character: There is no 下 ("4E0B) in font nullfont!
Missing character: There is no 来 ("6765) in font nullfont!
Missing character: There is no 的 ("7684) in font nullfont!
Missing character: There is no 写 ("5199) in font nullfont!
Missing character: There is no 作 ("4F5C) in font nullfont!
Missing character: There is no 安 ("5B89) in font nullfont!
Missing character: There is no 排 ("6392) in font nullfont!
Missing character: There is no 如 ("5982) in font nullfont!
Missing character: There is no 下 ("4E0B) in font nullfont!
Missing character: There is no : ("3A) in font nullfont!

Overfull \hbox (20.0pt too wide) in paragraph at lines 30--31
[] 
 []

)
! Emergency stop.
<*> chap01.tex
              
*** (job aborted, no legal \end found)

 
Here is how much of TeX's memory you used:
 26 strings out of 474773
 554 string characters out of 5757724
 1918839 words of memory out of 5000000
 22276 multiletter control sequences out of 15000+600000
 558085 words of font info for 38 fonts, out of 8000000 for 9000
 1348 hyphenation exceptions out of 8191
 19i,3n,31p,536b,99s stack positions out of 10000i,1000n,20000p,200000b,200000s
No pages of output.
